<?xml version="1.0" encoding="UTF-8"?>
<testsuite xmlns:xsi="http://www.w3.org/2001/XMLSchema-instance" xsi:noNamespaceSchemaLocation="https://maven.apache.org/surefire/maven-surefire-plugin/xsd/surefire-test-report-3.0.xsd" version="3.0" name="com.copilottraining.app.PasswordCheckerTest" time="0.037" tests="13" errors="0" skipped="0" failures="0">
  <properties>
    <property name="java.specification.version" value="21"/>
    <property name="sun.jnu.encoding" value="UTF-8"/>
    <property name="java.class.path" value="/Users/rpradana/copilot-training/SESSION2/my-app/target/test-classes:/Users/rpradana/copilot-training/SESSION2/my-app/target/classes:/Users/rpradana/.m2/repository/org/junit/jupiter/junit-jupiter/5.8.1/junit-jupiter-5.8.1.jar:/Users/rpradana/.m2/repository/org/junit/jupiter/junit-jupiter-api/5.8.1/junit-jupiter-api-5.8.1.jar:/Users/rpradana/.m2/repository/org/opentest4j/opentest4j/1.2.0/opentest4j-1.2.0.jar:/Users/rpradana/.m2/repository/org/junit/platform/junit-platform-commons/1.8.1/junit-platform-commons-1.8.1.jar:/Users/rpradana/.m2/repository/org/apiguardian/apiguardian-api/1.1.2/apiguardian-api-1.1.2.jar:/Users/rpradana/.m2/repository/org/junit/jupiter/junit-jupiter-params/5.8.1/junit-jupiter-params-5.8.1.jar:/Users/rpradana/.m2/repository/org/junit/jupiter/junit-jupiter-engine/5.8.1/junit-jupiter-engine-5.8.1.jar:/Users/rpradana/.m2/repository/org/junit/platform/junit-platform-engine/1.8.1/junit-platform-engine-1.8.1.jar:"/>
    <property name="java.vm.vendor" value="Homebrew"/>
    <property name="sun.arch.data.model" value="64"/>
    <property name="java.vendor.url" value="https://github.com/Homebrew/homebrew-core/issues"/>
    <property name="os.name" value="Mac OS X"/>
    <property name="java.vm.specification.version" value="21"/>
    <property name="sun.java.launcher" value="SUN_STANDARD"/>
    <property name="user.country" value="ID"/>
    <property name="sun.boot.library.path" value="/opt/homebrew/Cellar/openjdk/21.0.3/libexec/openjdk.jdk/Contents/Home/lib"/>
    <property name="sun.java.command" value="/Users/rpradana/copilot-training/SESSION2/my-app/target/surefire/surefirebooter-20240604142731109_3.jar /Users/rpradana/copilot-training/SESSION2/my-app/target/surefire 2024-06-04T14-27-31_022-jvmRun1 surefire-20240604142731109_1tmp surefire_0-20240604142731109_2tmp"/>
    <property name="jdk.debug" value="release"/>
    <property name="surefire.test.class.path" value="/Users/rpradana/copilot-training/SESSION2/my-app/target/test-classes:/Users/rpradana/copilot-training/SESSION2/my-app/target/classes:/Users/rpradana/.m2/repository/org/junit/jupiter/junit-jupiter/5.8.1/junit-jupiter-5.8.1.jar:/Users/rpradana/.m2/repository/org/junit/jupiter/junit-jupiter-api/5.8.1/junit-jupiter-api-5.8.1.jar:/Users/rpradana/.m2/repository/org/opentest4j/opentest4j/1.2.0/opentest4j-1.2.0.jar:/Users/rpradana/.m2/repository/org/junit/platform/junit-platform-commons/1.8.1/junit-platform-commons-1.8.1.jar:/Users/rpradana/.m2/repository/org/apiguardian/apiguardian-api/1.1.2/apiguardian-api-1.1.2.jar:/Users/rpradana/.m2/repository/org/junit/jupiter/junit-jupiter-params/5.8.1/junit-jupiter-params-5.8.1.jar:/Users/rpradana/.m2/repository/org/junit/jupiter/junit-jupiter-engine/5.8.1/junit-jupiter-engine-5.8.1.jar:/Users/rpradana/.m2/repository/org/junit/platform/junit-platform-engine/1.8.1/junit-platform-engine-1.8.1.jar:"/>
    <property name="sun.cpu.endian" value="little"/>
    <property name="user.home" value="/Users/rpradana"/>
    <property name="user.language" value="en"/>
    <property name="java.specification.vendor" value="Oracle Corporation"/>
    <property name="java.version.date" value="2024-04-16"/>
    <property name="java.home" value="/opt/homebrew/Cellar/openjdk/21.0.3/libexec/openjdk.jdk/Contents/Home"/>
    <property name="file.separator" value="/"/>
    <property name="basedir" value="/Users/rpradana/copilot-training/SESSION2/my-app"/>
    <property name="java.vm.compressedOopsMode" value="Zero based"/>
    <property name="line.separator" value="&#10;"/>
    <property name="java.specification.name" value="Java Platform API Specification"/>
    <property name="java.vm.specification.vendor" value="Oracle Corporation"/>
    <property name="apple.awt.application.name" value="ForkedBooter"/>
    <property name="surefire.real.class.path" value="/Users/rpradana/copilot-training/SESSION2/my-app/target/surefire/surefirebooter-20240604142731109_3.jar"/>
    <property name="sun.management.compiler" value="HotSpot 64-Bit Tiered Compilers"/>
    <property name="java.runtime.version" value="21.0.3"/>
    <property name="user.name" value="rpradana"/>
    <property name="stdout.encoding" value="UTF-8"/>
    <property name="path.separator" value=":"/>
    <property name="os.version" value="14.5"/>
    <property name="java.runtime.name" value="OpenJDK Runtime Environment"/>
    <property name="file.encoding" value="UTF-8"/>
    <property name="java.vm.name" value="OpenJDK 64-Bit Server VM"/>
    <property name="java.vendor.version" value="Homebrew"/>
    <property name="localRepository" value="/Users/rpradana/.m2/repository"/>
    <property name="java.vendor.url.bug" value="https://github.com/Homebrew/homebrew-core/issues"/>
    <property name="java.io.tmpdir" value="/var/folders/j3/1x8c36md2g7b99wqj7282yv40000gn/T/"/>
    <property name="java.version" value="21.0.3"/>
    <property name="user.dir" value="/Users/rpradana/copilot-training/SESSION2/my-app"/>
    <property name="os.arch" value="aarch64"/>
    <property name="java.vm.specification.name" value="Java Virtual Machine Specification"/>
    <property name="native.encoding" value="UTF-8"/>
    <property name="java.library.path" value="/Users/rpradana/Library/Java/Extensions:/Library/Java/Extensions:/Network/Library/Java/Extensions:/System/Library/Java/Extensions:/usr/lib/java:."/>
    <property name="java.vm.info" value="mixed mode, sharing"/>
    <property name="stderr.encoding" value="UTF-8"/>
    <property name="java.vendor" value="Homebrew"/>
    <property name="java.vm.version" value="21.0.3"/>
    <property name="sun.io.unicode.encoding" value="UnicodeBig"/>
    <property name="java.class.version" value="65.0"/>
  </properties>
  <testcase name="testCheckPassword_NoLowercaseLetter" classname="com.copilottraining.app.PasswordCheckerTest" time="0.014"/>
  <testcase name="testCheckPassword_NoUppercaseLetterWithErrorMessage" classname="com.copilottraining.app.PasswordCheckerTest" time="0.002"/>
  <testcase name="testCheckPasswordAndThrowReason_ValidPassword" classname="com.copilottraining.app.PasswordCheckerTest" time="0.002"/>
  <testcase name="testCheckPassword_TooLongPassword" classname="com.copilottraining.app.PasswordCheckerTest" time="0.001"/>
  <testcase name="testCheckPassword_NoSpecialCharacterWithErrorMessage" classname="com.copilottraining.app.PasswordCheckerTest" time="0.001"/>
  <testcase name="testCheckPassword_TooLongPasswordWithErrorMessage" classname="com.copilottraining.app.PasswordCheckerTest" time="0.001"/>
  <testcase name="testCheckPassword_ValidPassword" classname="com.copilottraining.app.PasswordCheckerTest" time="0.001"/>
  <testcase name="testCheckPassword_NoLowercaseLetterWithErrorMessage" classname="com.copilottraining.app.PasswordCheckerTest" time="0.001"/>
  <testcase name="testCheckPassword_NoUppercaseLetter" classname="com.copilottraining.app.PasswordCheckerTest" time="0.001"/>
  <testcase name="testCheckPassword_TooShortPasswordWithErrorMessage" classname="com.copilottraining.app.PasswordCheckerTest" time="0.001"/>
  <testcase name="testCheckPassword_TooShortPassword" classname="com.copilottraining.app.PasswordCheckerTest" time="0.0"/>
  <testcase name="testCheckPassword_NoSpecialCharacter" classname="com.copilottraining.app.PasswordCheckerTest" time="0.0"/>
  <testcase name="testCheckPassword_ValidPasswordWithErrorMessage" classname="com.copilottraining.app.PasswordCheckerTest" time="0.0"/>
</testsuite>